Arguments: 
  C:\Program Files\nodejs\node.exe C:\Program Files\Yarn\bin\yarn.js install

PATH: 
  C:\Users\SUPER_GLOBAL\bin;C:\Program Files\Git\mingw32\bin;C:\Program Files\Git\usr\local\bin;C:\Program Files\Git\usr\bin;C:\Program Files\Git\usr\bin;C:\Program Files\Git\mingw32\bin;C:\Program Files\Git\usr\bin;C:\Users\SUPER_GLOBAL\bin;C:\xampp\php;C:\Program Files\ActivIdentity\ActivClient;C:\Program Files\Hewlett-Packard\IAM\bin;C:\Program Files\Common Files\Apple\Internet Services;C:\ProgramData\ComposerSetup\bin;C:\Program Files\Git\cmd;C:\Program Files\Microsoft VS Code\bin;C:\Program Files\Yarn\bin;C:\Program Files\PuTTY;C:\Program Files\nodejs;C:\Ruby24\bin;C:\Users\SUPER_GLOBAL\Downloads\Programs\PortableGit\bin;C:\Program Files\MongoDB\Server\3.2\bin;C:\Python27;C:\Users\SUPER_GLOBAL\AppData\Roaming\Composer\vendor\bin;C:\Program Files\Microsoft VS Code\bin;C:\Users\SUPER_GLOBAL\AppData\Local\Yarn\bin;C:\Users\SUPER_GLOBAL\AppData\Roaming\npm;C:\Program Files\heroku\bin;C:\Program Files\Git\usr\bin\vendor_perl;C:\Program Files\Git\usr\bin\core_perl

Yarn version: 
  1.10.1

Node version: 
  8.14.0

Platform: 
  win32 ia32

Trace: 
  Error: https://registry.yarnpkg.com/nodegit/-/nodegit-0.22.2.tgz: unexpected end of file
      at Gunzip.zlibOnError (zlib.js:153:15)

npm manifest: 
  {
    "name": "adonis-hexa",
    "version": "3.2.3",
    "description": "A cli tool for adonis hexa.",
    "main": "index.js",
    "bin": "dist/index.js",
    "repository": "https://github.com/ogbiyoyosky/adonis-hexa-cli",
    "scripts": {
      "test": "node dist/test/generatorTest.spec.js",
      "babel-node": "babel-node --presets=es2015",
      "build": "rimraf dist/ && babel app --out-dir dist/ --ignore ./node_modules,./.babelrc,./package.json,./npm-debug.log --copy-files",
      "dev-server": "nodemon --exec npm run babel-node && standard--fix -- app/index.js ",
      "start": " npm run build && node dist/index.js",
      "lint": "standard --fix"
    },
    "author": "Emmanuel ogbiyoyo",
    "license": "GPL-3.0-only",
    "devDependencies": {
      "babel-cli": "^6.26.0",
      "babel-preset-es2015": "^6.24.1",
      "japa": "^2.0.5",
      "nodemon": "^1.18.4",
      "rimraf": "^2.6.2",
      "standard": "^12.0.1"
    },
    "dependencies": {
      "chai": "^4.2.0",
      "cli-spinner": "^0.2.8",
      "commander": "^2.19.0",
      "cross-spawn": "^6.0.5",
      "eslint-plugin-import": "^2.14.0",
      "figlet": "^1.2.1",
      "fs-extra": "^7.0.0",
      "kleur": "^2.0.2",
      "minimist": "^1.2.0",
      "mocha": "^5.2.0",
      "mustache": "^3.0.0",
      "nodegit": "^0.22.2",
      "shelljs": "^0.8.2"
    }
  }

yarn manifest: 
  No manifest

Lockfile: 
  No lockfile
